mode: set
github.com/WolvenSpirit/hayaku/main.go:38.25,39.38 1 1
github.com/WolvenSpirit/hayaku/main.go:39.38,41.3 1 1
github.com/WolvenSpirit/hayaku/main.go:44.19,56.30 2 1
github.com/WolvenSpirit/hayaku/main.go:56.30,57.14 1 1
github.com/WolvenSpirit/hayaku/main.go:58.18,59.26 1 0
github.com/WolvenSpirit/hayaku/main.go:60.18,61.29 1 0
github.com/WolvenSpirit/hayaku/main.go:62.17,63.31 1 0
github.com/WolvenSpirit/hayaku/main.go:64.18,65.22 1 0
github.com/WolvenSpirit/hayaku/main.go:70.53,72.12 2 1
github.com/WolvenSpirit/hayaku/main.go:76.2,76.8 1 1
github.com/WolvenSpirit/hayaku/main.go:72.12,74.13 2 1
github.com/WolvenSpirit/hayaku/main.go:79.59,81.2 1 1
github.com/WolvenSpirit/hayaku/main.go:83.13,94.2 10 1
github.com/WolvenSpirit/hayaku/main.go:96.13,101.12 5 1
github.com/WolvenSpirit/hayaku/main.go:104.2,104.19 1 1
github.com/WolvenSpirit/hayaku/main.go:107.2,109.52 3 1
github.com/WolvenSpirit/hayaku/main.go:101.12,103.3 1 1
github.com/WolvenSpirit/hayaku/main.go:104.19,106.3 1 0
